W0227 22:31:48.613000 3147945 site-packages/torch/distributed/run.py:852] 
W0227 22:31:48.613000 3147945 site-packages/torch/distributed/run.py:852] *****************************************
W0227 22:31:48.613000 3147945 site-packages/torch/distributed/run.py:852] Setting OMP_NUM_THREADS environment variable for each process to be 1 in default, to avoid your system being overloaded, please further tune the variable for optimal performance in your application as needed. 
W0227 22:31:48.613000 3147945 site-packages/torch/distributed/run.py:852] *****************************************
/home/aarusha/miniconda3/envs/molmo/lib/python3.10/site-packages/google/api_core/_python_version_support.py:275: FutureWarning: You are using a Python version (3.10.19) which Google will stop supporting in new releases of google.api_core once it reaches its end of life (2026-10-04). Please upgrade to the latest Python version, or at least Python 3.11, to continue receiving updates for google.api_core past that date.
  warnings.warn(message, FutureWarning)
/home/aarusha/miniconda3/envs/molmo/lib/python3.10/site-packages/google/api_core/_python_version_support.py:275: FutureWarning: You are using a Python version (3.10.19) which Google will stop supporting in new releases of google.api_core once it reaches its end of life (2026-10-04). Please upgrade to the latest Python version, or at least Python 3.11, to continue receiving updates for google.api_core past that date.
  warnings.warn(message, FutureWarning)
/home/aarusha/miniconda3/envs/molmo/lib/python3.10/site-packages/google/api_core/_python_version_support.py:275: FutureWarning: You are using a Python version (3.10.19) which Google will stop supporting in new releases of google.api_core once it reaches its end of life (2026-10-04). Please upgrade to the latest Python version, or at least Python 3.11, to continue receiving updates for google.api_core past that date.
  warnings.warn(message, FutureWarning)
/home/aarusha/miniconda3/envs/molmo/lib/python3.10/site-packages/google/api_core/_python_version_support.py:275: FutureWarning: You are using a Python version (3.10.19) which Google will stop supporting in new releases of google.api_core once it reaches its end of life (2026-10-04). Please upgrade to the latest Python version, or at least Python 3.11, to continue receiving updates for google.api_core past that date.
  warnings.warn(message, FutureWarning)
/home/aarusha/miniconda3/envs/molmo/lib/python3.10/site-packages/google/api_core/_python_version_support.py:275: FutureWarning: You are using a Python version (3.10.19) which Google will stop supporting in new releases of google.api_core once it reaches its end of life (2026-10-04). Please upgrade to the latest Python version, or at least Python 3.11, to continue receiving updates for google.api_core past that date.
  warnings.warn(message, FutureWarning)
/home/aarusha/miniconda3/envs/molmo/lib/python3.10/site-packages/google/api_core/_python_version_support.py:275: FutureWarning: You are using a Python version (3.10.19) which Google will stop supporting in new releases of google.api_core once it reaches its end of life (2026-10-04). Please upgrade to the latest Python version, or at least Python 3.11, to continue receiving updates for google.api_core past that date.
  warnings.warn(message, FutureWarning)
/home/aarusha/miniconda3/envs/molmo/lib/python3.10/site-packages/google/api_core/_python_version_support.py:275: FutureWarning: You are using a Python version (3.10.19) which Google will stop supporting in new releases of google.api_core once it reaches its end of life (2026-10-04). Please upgrade to the latest Python version, or at least Python 3.11, to continue receiving updates for google.api_core past that date.
  warnings.warn(message, FutureWarning)
/home/aarusha/miniconda3/envs/molmo/lib/python3.10/site-packages/google/api_core/_python_version_support.py:275: FutureWarning: You are using a Python version (3.10.19) which Google will stop supporting in new releases of google.api_core once it reaches its end of life (2026-10-04). Please upgrade to the latest Python version, or at least Python 3.11, to continue receiving updates for google.api_core past that date.
  warnings.warn(message, FutureWarning)
[rank0]:[W227 22:32:01.728463451 ProcessGroupNCCL.cpp:5138] Guessing device ID based on global rank. This can cause a hang if rank to GPU mapping is heterogeneous. You can specify device_id in init_process_group()
[rank0]:[W227 22:32:02.699973230 ProcessGroupNCCL.cpp:1553] Warning: WARNING: destroy_process_group() was not called before program exit, which can leak resources. For more info, please see https://pytorch.org/docs/stable/distributed.html#shutdown (function operator())
W0227 22:32:03.802000 3147945 site-packages/torch/distributed/elastic/multiprocessing/api.py:1010] Sending process 3148027 closing signal SIGTERM
W0227 22:32:03.803000 3147945 site-packages/torch/distributed/elastic/multiprocessing/api.py:1010] Sending process 3148028 closing signal SIGTERM
W0227 22:32:03.804000 3147945 site-packages/torch/distributed/elastic/multiprocessing/api.py:1010] Sending process 3148029 closing signal SIGTERM
W0227 22:32:03.804000 3147945 site-packages/torch/distributed/elastic/multiprocessing/api.py:1010] Sending process 3148030 closing signal SIGTERM
W0227 22:32:03.804000 3147945 site-packages/torch/distributed/elastic/multiprocessing/api.py:1010] Sending process 3148031 closing signal SIGTERM
W0227 22:32:03.805000 3147945 site-packages/torch/distributed/elastic/multiprocessing/api.py:1010] Sending process 3148032 closing signal SIGTERM
W0227 22:32:03.805000 3147945 site-packages/torch/distributed/elastic/multiprocessing/api.py:1010] Sending process 3148033 closing signal SIGTERM
/home/aarusha/miniconda3/envs/molmo/lib/python3.10/multiprocessing/resource_tracker.py:224: UserWarning: resource_tracker: There appear to be 1 leaked semaphore objects to clean up at shutdown
  warnings.warn('resource_tracker: There appear to be %d '
/home/aarusha/miniconda3/envs/molmo/lib/python3.10/multiprocessing/resource_tracker.py:224: UserWarning: resource_tracker: There appear to be 1 leaked semaphore objects to clean up at shutdown
  warnings.warn('resource_tracker: There appear to be %d '
/home/aarusha/miniconda3/envs/molmo/lib/python3.10/multiprocessing/resource_tracker.py:224: UserWarning: resource_tracker: There appear to be 1 leaked semaphore objects to clean up at shutdown
  warnings.warn('resource_tracker: There appear to be %d '
/home/aarusha/miniconda3/envs/molmo/lib/python3.10/multiprocessing/resource_tracker.py:224: UserWarning: resource_tracker: There appear to be 1 leaked semaphore objects to clean up at shutdown
  warnings.warn('resource_tracker: There appear to be %d '
/home/aarusha/miniconda3/envs/molmo/lib/python3.10/multiprocessing/resource_tracker.py:224: UserWarning: resource_tracker: There appear to be 1 leaked semaphore objects to clean up at shutdown
  warnings.warn('resource_tracker: There appear to be %d '
/home/aarusha/miniconda3/envs/molmo/lib/python3.10/multiprocessing/resource_tracker.py:224: UserWarning: resource_tracker: There appear to be 1 leaked semaphore objects to clean up at shutdown
  warnings.warn('resource_tracker: There appear to be %d '
/home/aarusha/miniconda3/envs/molmo/lib/python3.10/multiprocessing/resource_tracker.py:224: UserWarning: resource_tracker: There appear to be 1 leaked semaphore objects to clean up at shutdown
  warnings.warn('resource_tracker: There appear to be %d '
E0227 22:32:04.572000 3147945 site-packages/torch/distributed/elastic/multiprocessing/api.py:984] failed (exitcode: 1) local_rank: 0 (pid: 3148026) of binary: /home/aarusha/miniconda3/envs/molmo/bin/python3.10
Traceback (most recent call last):
  File "/home/aarusha/miniconda3/envs/molmo/bin/torchrun", line 6, in <module>
    sys.exit(main())
  File "/home/aarusha/miniconda3/envs/molmo/lib/python3.10/site-packages/torch/distributed/elastic/multiprocessing/errors/__init__.py", line 362, in wrapper
    return f(*args, **kwargs)
  File "/home/aarusha/miniconda3/envs/molmo/lib/python3.10/site-packages/torch/distributed/run.py", line 991, in main
    run(args)
  File "/home/aarusha/miniconda3/envs/molmo/lib/python3.10/site-packages/torch/distributed/run.py", line 982, in run
    elastic_launch(
  File "/home/aarusha/miniconda3/envs/molmo/lib/python3.10/site-packages/torch/distributed/launcher/api.py", line 170, in __call__
    return launch_agent(self._config, self._entrypoint, list(args))
  File "/home/aarusha/miniconda3/envs/molmo/lib/python3.10/site-packages/torch/distributed/launcher/api.py", line 317, in launch_agent
    raise ChildFailedError(
torch.distributed.elastic.multiprocessing.errors.ChildFailedError: 
============================================================
launch_scripts/train_captioner.py FAILED
------------------------------------------------------------
Failures:
[1]:
  time      : 2026-02-27_22:32:04
  host      : babel-s5-28.ib
  rank      : 1 (local_rank: 1)
  exitcode  : -15 (pid: 3148027)
  error_file: <N/A>
  traceback : Signal 15 (SIGTERM) received by PID 3148027
[2]:
  time      : 2026-02-27_22:32:04
  host      : babel-s5-28.ib
  rank      : 2 (local_rank: 2)
  exitcode  : -15 (pid: 3148028)
  error_file: <N/A>
  traceback : Signal 15 (SIGTERM) received by PID 3148028
[3]:
  time      : 2026-02-27_22:32:04
  host      : babel-s5-28.ib
  rank      : 3 (local_rank: 3)
  exitcode  : -15 (pid: 3148029)
  error_file: <N/A>
  traceback : Signal 15 (SIGTERM) received by PID 3148029
[4]:
  time      : 2026-02-27_22:32:04
  host      : babel-s5-28.ib
  rank      : 4 (local_rank: 4)
  exitcode  : -15 (pid: 3148030)
  error_file: <N/A>
  traceback : Signal 15 (SIGTERM) received by PID 3148030
[5]:
  time      : 2026-02-27_22:32:04
  host      : babel-s5-28.ib
  rank      : 5 (local_rank: 5)
  exitcode  : -15 (pid: 3148031)
  error_file: <N/A>
  traceback : Signal 15 (SIGTERM) received by PID 3148031
[6]:
  time      : 2026-02-27_22:32:04
  host      : babel-s5-28.ib
  rank      : 6 (local_rank: 6)
  exitcode  : -15 (pid: 3148032)
  error_file: <N/A>
  traceback : Signal 15 (SIGTERM) received by PID 3148032
[7]:
  time      : 2026-02-27_22:32:04
  host      : babel-s5-28.ib
  rank      : 7 (local_rank: 7)
  exitcode  : -15 (pid: 3148033)
  error_file: <N/A>
  traceback : Signal 15 (SIGTERM) received by PID 3148033
------------------------------------------------------------
Root Cause (first observed failure):
[0]:
  time      : 2026-02-27_22:32:03
  host      : babel-s5-28.ib
  rank      : 0 (local_rank: 0)
  exitcode  : 1 (pid: 3148026)
  error_file: <N/A>
  traceback : To enable traceback see: https://pytorch.org/docs/stable/elastic/errors.html
============================================================
